<?xml version="1.0" encoding="UTF-8"?>
<!-- Generated by org.testng.reporters.JUnitXMLReporter -->
<testsuite ignored="0" hostname="L-INE-G6NSYZ2" failures="1" tests="3" name="Default test" time="50.33" errors="0" timestamp="2023-09-18T10:58:48 IST">
  <testcase classname="io.cucumber.testng.AbstractTestNGCucumberTests" name="runScenario" time="16.505"/>
  <testcase classname="io.cucumber.testng.AbstractTestNGCucumberTests" name="runScenario" time="10.661">
    <failure type="java.lang.AssertionError" message="expected [Welcome to our store] but found [About login / registration]">
      <![CDATA[java.lang.AssertionError: expected [Welcome to our store] but found [About login / registration]
at org.testng.Assert.fail(Assert.java:111)
at org.testng.Assert.failNotEquals(Assert.java:1578)
at org.testng.Assert.assertEqualsImpl(Assert.java:150)
at org.testng.Assert.assertEquals(Assert.java:132)
at org.testng.Assert.assertEquals(Assert.java:656)
at org.testng.Assert.assertEquals(Assert.java:666)
at com.DemowebshopTest.StepDefinition.LoginStepDefinition.validate_with_login_successfull(LoginStepDefinition.java:37)
at âœ½.Validate with Login Successfull.(file:///C:/Users/mmaralinganavar/Desktop/Java_Fun_T/program/class_work/DemowebshopTest/src/test/resources/Features/Login.feature:8)
]]>
    </failure>
  </testcase> <!-- runScenario -->
  <testcase classname="io.cucumber.testng.AbstractTestNGCucumberTests" name="runScenario" time="20.901"/>
</testsuite> <!-- Default test -->
