<?xml version="1.0" encoding="UTF-8"?>
<testng-results ignored="0" total="3" passed="2" failed="1" skipped="0">
  <reporter-output>
  </reporter-output>
  <suite started-at="2023-09-18T10:57:57 IST" name="Default suite" finished-at="2023-09-18T10:58:48 IST" duration-ms="50330">
    <groups>
      <group name="cucumber">
        <method signature="AbstractTestNGCucumberTests.runScenario(io.cucumber.testng.PickleWrapper,io.cucumber.testng.FeatureWrapper)[pri:0, instance:com.Demowebshop.Runfile.RunnerClass$CucumberRunnerTests@1972e513]" name="runScenario" class="io.cucumber.testng.AbstractTestNGCucumberTests"/>
      </group> <!-- cucumber -->
    </groups>
    <test started-at="2023-09-18T10:57:57 IST" name="Default test" finished-at="2023-09-18T10:58:48 IST" duration-ms="50330">
      <class name="com.Demowebshop.Runfile.RunnerClass$CucumberRunnerTests">
        <test-method is-config="true" signature="setUpClass(org.testng.ITestContext)[pri:0, instance:com.Demowebshop.Runfile.RunnerClass$CucumberRunnerTests@1972e513]" started-at="2023-09-18T10:57:57 IST" name="setUpClass" finished-at="2023-09-18T10:57:58 IST" duration-ms="515" status="PASS">
          <params>
            <param index="0">
              <value>
                <![CDATA[org.testng.TestRunner@484302ee]]>
              </value>
            </param>
          </params>
          <reporter-output>
          </reporter-output>
        </test-method> <!-- setUpClass -->
        <test-method signature="runScenario(io.cucumber.testng.PickleWrapper,io.cucumber.testng.FeatureWrapper)[pri:0, instance:com.Demowebshop.Runfile.RunnerClass$CucumberRunnerTests@1972e513]" started-at="2023-09-18T10:57:58 IST" name="runScenario" description="Runs Cucumber Scenarios" data-provider="scenarios" finished-at="2023-09-18T10:58:14 IST" duration-ms="16505" status="PASS">
          <params>
            <param index="0">
              <value>
                <![CDATA["Validating Login Page"]]>
              </value>
            </param>
            <param index="1">
              <value>
                <![CDATA["To check the Login Function"]]>
              </value>
            </param>
          </params>
          <reporter-output>
          </reporter-output>
        </test-method> <!-- runScenario -->
        <test-method signature="runScenario(io.cucumber.testng.PickleWrapper,io.cucumber.testng.FeatureWrapper)[pri:0, instance:com.Demowebshop.Runfile.RunnerClass$CucumberRunnerTests@1972e513]" started-at="2023-09-18T10:58:14 IST" name="runScenario" description="Runs Cucumber Scenarios" data-provider="scenarios" finished-at="2023-09-18T10:58:25 IST" duration-ms="10661" status="FAIL">
          <params>
            <param index="0">
              <value>
                <![CDATA["Validating Login Page"]]>
              </value>
            </param>
            <param index="1">
              <value>
                <![CDATA["To check the Login Function"]]>
              </value>
            </param>
          </params>
          <exception class="java.lang.AssertionError">
            <message>
              <![CDATA[expected [Welcome to our store] but found [About login / registration]]]>
            </message>
            <full-stacktrace>
              <![CDATA[java.lang.AssertionError: expected [Welcome to our store] but found [About login / registration]
at org.testng.Assert.fail(Assert.java:111)
at org.testng.Assert.failNotEquals(Assert.java:1578)
at org.testng.Assert.assertEqualsImpl(Assert.java:150)
at org.testng.Assert.assertEquals(Assert.java:132)
at org.testng.Assert.assertEquals(Assert.java:656)
at org.testng.Assert.assertEquals(Assert.java:666)
at com.DemowebshopTest.StepDefinition.LoginStepDefinition.validate_with_login_successfull(LoginStepDefinition.java:37)
at âœ½.Validate with Login Successfull.(file:///C:/Users/mmaralinganavar/Desktop/Java_Fun_T/program/class_work/DemowebshopTest/src/test/resources/Features/Login.feature:8)
]]>
            </full-stacktrace>
          </exception> <!-- java.lang.AssertionError -->
          <reporter-output>
          </reporter-output>
        </test-method> <!-- runScenario -->
        <test-method signature="runScenario(io.cucumber.testng.PickleWrapper,io.cucumber.testng.FeatureWrapper)[pri:0, instance:com.Demowebshop.Runfile.RunnerClass$CucumberRunnerTests@1972e513]" started-at="2023-09-18T10:58:25 IST" name="runScenario" description="Runs Cucumber Scenarios" data-provider="scenarios" finished-at="2023-09-18T10:58:46 IST" duration-ms="20901" status="PASS">
          <params>
            <param index="0">
              <value>
                <![CDATA["To validate Ragsister function"]]>
              </value>
            </param>
            <param index="1">
              <value>
                <![CDATA["To check ragsister function"]]>
              </value>
            </param>
          </params>
          <reporter-output>
          </reporter-output>
        </test-method> <!-- runScenario -->
        <test-method is-config="true" signature="tearDownClass()[pri:0, instance:com.Demowebshop.Runfile.RunnerClass$CucumberRunnerTests@1972e513]" started-at="2023-09-18T10:58:46 IST" name="tearDownClass" finished-at="2023-09-18T10:58:48 IST" duration-ms="1703" status="PASS">
          <reporter-output>
          </reporter-output>
        </test-method> <!-- tearDownClass -->
      </class> <!-- com.Demowebshop.Runfile.RunnerClass$CucumberRunnerTests -->
    </test> <!-- Default test -->
  </suite> <!-- Default suite -->
</testng-results>
